<?xml version="1.0" encoding="UTF-8"?>
<!-- Generated by org.testng.reporters.JUnitReportReporter -->
<testsuite hostname="LAPTOP-5KMFOFH9" failures="0" tests="2" name="testngDemo.AmazonSelectBasedDropdown" time="9.212" errors="0" timestamp="2024-02-13T11:34:19 IST" skipped="0">
  <testcase classname="testngDemo.AmazonSelectBasedDropdown" name="facebookTest" time="3.810"/>
  <system-out/>
  <testcase classname="testngDemo.AmazonSelectBasedDropdown" name="amazonTest" time="5.402"/>
  <system-out/>
</testsuite> <!-- testngDemo.AmazonSelectBasedDropdown -->
