<?xml version="1.0" encoding="UTF-8"?>
<!-- Generated by org.testng.reporters.JUnitReportReporter -->
<testsuite hostname="LAPTOP-5KMFOFH9" failures="0" tests="1" name="driverSession.CreateAppiumSession" time="20.353" errors="0" timestamp="2024-02-14T14:55:43 IST" skipped="0">
  <testcase classname="driverSession.CreateAppiumSession" name="createSession" time="20.353"/>
  <system-out/>
</testsuite> <!-- driverSession.CreateAppiumSession -->
