<?xml version="1.0" encoding="UTF-8"?>
<!-- Generated by org.testng.reporters.JUnitReportReporter -->
<testsuite hostname="LAPTOP-5KMFOFH9" failures="0" tests="1" name="dataDrivenTest.ExcelRead" time="0.971" errors="0" timestamp="2024-02-13T18:30:41 IST" skipped="0">
  <testcase classname="dataDrivenTest.ExcelRead" name="read" time="0.971"/>
  <system-out/>
</testsuite> <!-- dataDrivenTest.ExcelRead -->
