<?xml version="1.0" encoding="UTF-8"?>
<!-- Generated by org.testng.reporters.JUnitReportReporter -->
<testsuite hostname="LAPTOP-5KMFOFH9" failures="0" tests="2" name="webElementHandling.FrameHandling" time="4.413" errors="0" timestamp="2024-02-13T15:38:43 IST" skipped="1">
  <testcase classname="webElementHandling.FrameHandling" name="nestedFrame" time="4.413"/>
  <system-out/>
  <testcase classname="webElementHandling.FrameHandling" name="SimpleFrame">
    <skipped/>
  </testcase> <!-- SimpleFrame -->
  <system-out/>
</testsuite> <!-- webElementHandling.FrameHandling -->
