<?xml version="1.0" encoding="UTF-8"?>
<!-- Generated by org.testng.reporters.JUnitReportReporter -->
<testsuite hostname="LAPTOP-5KMFOFH9" failures="0" tests="1" name="driverSession.DriverSessionWithOptions" time="9.140" errors="0" timestamp="2024-02-14T15:50:18 IST" skipped="0">
  <testcase classname="driverSession.DriverSessionWithOptions" name="CreateSession" time="9.140"/>
  <system-out/>
</testsuite> <!-- driverSession.DriverSessionWithOptions -->
