<?xml version="1.0" encoding="UTF-8"?>
<!-- Generated by org.testng.reporters.JUnitReportReporter -->
<testsuite hostname="LAPTOP-5KMFOFH9" failures="0" tests="1" name="dataDrivenTest.DataReadFromPropertiesFile" time="0.015" errors="0" timestamp="2024-02-14T09:49:08 IST" skipped="0">
  <testcase classname="dataDrivenTest.DataReadFromPropertiesFile" name="readFile" time="0.015"/>
  <system-out/>
</testsuite> <!-- dataDrivenTest.DataReadFromPropertiesFile -->
