<?xml version="1.0" encoding="UTF-8"?>
<!-- Generated by org.testng.reporters.JUnitReportReporter -->
<testsuite hostname="LAPTOP-5KMFOFH9" failures="0" tests="1" name="testngDemo.RedBusAutomation" time="6.368" errors="0" timestamp="2024-02-13T13:19:55 IST" skipped="0">
  <testcase classname="testngDemo.RedBusAutomation" name="dropdownTest" time="6.368"/>
  <system-out/>
</testsuite> <!-- testngDemo.RedBusAutomation -->
