<?xml version="1.0" encoding="UTF-8"?>
<!-- Generated by org.testng.reporters.JUnitReportReporter -->
<testsuite hostname="LAPTOP-5KMFOFH9" failures="0" tests="1" name="scenarionOnMobileApp.DeviceLock_Unlock_Rotate" time="11.027" errors="0" timestamp="2024-02-15T11:52:59 IST" skipped="0">
  <testcase classname="scenarionOnMobileApp.DeviceLock_Unlock_Rotate" name="deviceTest" time="11.027"/>
  <system-out/>
</testsuite> <!-- scenarionOnMobileApp.DeviceLock_Unlock_Rotate -->
