<?xml version="1.0" encoding="UTF-8"?>
<!-- Generated by org.testng.reporters.JUnitReportReporter -->
<testsuite hostname="LAPTOP-5KMFOFH9" failures="0" tests="3" name="com.SwagLabs.TestCases.InventoryTEst" time="0.433" errors="0" timestamp="2024-02-14T11:25:02 IST" skipped="0">
  <testcase classname="com.SwagLabs.TestCases.InventoryTEst" name="verifyProductCount" time="0.039"/>
  <system-out/>
  <testcase classname="com.SwagLabs.TestCases.InventoryTEst" name="verifyProductDetails" time="0.153"/>
  <system-out/>
  <testcase classname="com.SwagLabs.TestCases.InventoryTEst" name="VerifyAddToCart" time="0.241"/>
  <system-out/>
</testsuite> <!-- com.SwagLabs.TestCases.InventoryTEst -->
