<?xml version="1.0" encoding="UTF-8"?>
<!-- Generated by org.testng.reporters.JUnitReportReporter -->
<testsuite hostname="LAPTOP-5KMFOFH9" failures="0" tests="5" name="webElementHandling.ActionsDemo" time="5.037" errors="0" timestamp="2024-02-13T16:43:05 IST" skipped="4">
  <testcase classname="webElementHandling.ActionsDemo" name="slider" time="5.037"/>
  <system-out/>
  <testcase classname="webElementHandling.ActionsDemo" name="mouseOver">
    <skipped/>
  </testcase> <!-- mouseOver -->
  <system-out/>
  <testcase classname="webElementHandling.ActionsDemo" name="doubleCLick">
    <skipped/>
  </testcase> <!-- doubleCLick -->
  <system-out/>
  <testcase classname="webElementHandling.ActionsDemo" name="rightClick">
    <skipped/>
  </testcase> <!-- rightClick -->
  <system-out/>
  <testcase classname="webElementHandling.ActionsDemo" name="dragAndDrop">
    <skipped/>
  </testcase> <!-- dragAndDrop -->
  <system-out/>
</testsuite> <!-- webElementHandling.ActionsDemo -->
