<?xml version="1.0" encoding="UTF-8"?>
<!-- Generated by org.testng.reporters.JUnitReportReporter -->
<testsuite hostname="LAPTOP-5KMFOFH9" failures="0" tests="2" name="com.SwagLabs.TestCases.LoginPageTEst" time="0.394" errors="0" timestamp="2024-02-14T10:37:30 IST" skipped="0">
  <testcase classname="com.SwagLabs.TestCases.LoginPageTEst" name="verifyTitle" time="0.020"/>
  <system-out/>
  <testcase classname="com.SwagLabs.TestCases.LoginPageTEst" name="validateLogin" time="0.374"/>
  <system-out/>
</testsuite> <!-- com.SwagLabs.TestCases.LoginPageTEst -->
