<?xml version="1.0" encoding="UTF-8"?>
<!-- Generated by org.testng.reporters.JUnitReportReporter -->
<testsuite hostname="LAPTOP-5KMFOFH9" failures="0" tests="1" name="scenarionOnMobileApp.WorkingWithApp" time="22.034" errors="0" timestamp="2024-02-15T12:42:31 IST" skipped="0">
  <testcase classname="scenarionOnMobileApp.WorkingWithApp" name="appStatus" time="22.034"/>
  <system-out/>
</testsuite> <!-- scenarionOnMobileApp.WorkingWithApp -->
