<?xml version="1.0" encoding="UTF-8"?>
<!-- Generated by org.testng.reporters.JUnitReportReporter -->
<testsuite hostname="LAPTOP-5KMFOFH9" failures="0" tests="2" name="scenarionOnMobileApp.AlertHandlingInMobileApp2" time="3.320" errors="0" timestamp="2024-02-15T10:12:12 IST" skipped="0">
  <testcase classname="scenarionOnMobileApp.AlertHandlingInMobileApp2" name="alertWithOK" time="1.574"/>
  <system-out/>
  <testcase classname="scenarionOnMobileApp.AlertHandlingInMobileApp2" name="alertWithCancel" time="1.746"/>
  <system-out/>
</testsuite> <!-- scenarionOnMobileApp.AlertHandlingInMobileApp2 -->
