<?xml version="1.0" encoding="UTF-8"?>
<!-- Generated by org.testng.reporters.JUnitReportReporter -->
<testsuite hostname="LAPTOP-5KMFOFH9" failures="0" tests="1" name="scenarionOnMobileApp.TestNOtifications" time="11.755" errors="0" timestamp="2024-02-15T12:12:44 IST" skipped="0">
  <testcase classname="scenarionOnMobileApp.TestNOtifications" name="getNotifications" time="11.755"/>
  <system-out/>
</testsuite> <!-- scenarionOnMobileApp.TestNOtifications -->
