<?xml version="1.0" encoding="UTF-8"?>
<!-- Generated by org.testng.reporters.JUnitReportReporter -->
<testsuite hostname="LAPTOP-5KMFOFH9" failures="0" tests="1" name="ElementHandling.LocatorsDemo" time="23.879" errors="0" timestamp="2024-02-14T17:01:50 IST" skipped="0">
  <testcase classname="ElementHandling.LocatorsDemo" name="locators" time="23.879"/>
  <system-out/>
</testsuite> <!-- ElementHandling.LocatorsDemo -->
