<?xml version="1.0" encoding="UTF-8"?>
<!-- Generated by org.testng.reporters.JUnitReportReporter -->
<testsuite hostname="LAPTOP-5KMFOFH9" failures="0" tests="1" name="scenarionOnMobileApp.KeyEvents" time="18.353" errors="0" timestamp="2024-02-15T10:36:30 IST" skipped="0">
  <testcase classname="scenarionOnMobileApp.KeyEvents" name="keyboardActions" time="18.353"/>
  <system-out/>
</testsuite> <!-- scenarionOnMobileApp.KeyEvents -->
