<?xml version="1.0" encoding="UTF-8"?>
<!-- Generated by org.testng.reporters.JUnitReportReporter -->
<testsuite hostname="LAPTOP-5KMFOFH9" failures="0" tests="2" name="scenarionOnMobileApp.AlertHandlingInMobileApp" time="27.891" errors="0" timestamp="2024-02-15T13:16:25 IST" skipped="0">
  <testcase classname="scenarionOnMobileApp.AlertHandlingInMobileApp" name="alertWithOK" time="13.053"/>
  <system-out/>
  <testcase classname="scenarionOnMobileApp.AlertHandlingInMobileApp" name="alertWithCancel" time="14.838"/>
  <system-out/>
</testsuite> <!-- scenarionOnMobileApp.AlertHandlingInMobileApp -->
