<?xml version="1.0" encoding="UTF-8"?>
<!-- Generated by org.testng.reporters.JUnitReportReporter -->
<testsuite hostname="LAPTOP-5KMFOFH9" failures="0" tests="1" name="reports.BasicExtentReport" time="0.900" errors="0" timestamp="2024-02-15T12:57:39 IST" skipped="0">
  <testcase classname="reports.BasicExtentReport" name="report" time="0.900"/>
  <system-out/>
</testsuite> <!-- reports.BasicExtentReport -->
