<?xml version="1.0" encoding="UTF-8"?>
<!-- Generated by org.testng.reporters.JUnitReportReporter -->
<testsuite hostname="LAPTOP-5KMFOFH9" failures="0" tests="1" name="testngDemo.TestDataFromXML" time="0.018" errors="0" timestamp="2024-02-13T17:50:46 IST" skipped="0">
  <testcase classname="testngDemo.TestDataFromXML" name="loginData" time="0.018"/>
  <system-out/>
</testsuite> <!-- testngDemo.TestDataFromXML -->
