<?xml version="1.0" encoding="UTF-8"?>
<!-- Generated by org.testng.reporters.JUnitReportReporter -->
<testsuite hostname="LAPTOP-5KMFOFH9" failures="0" tests="1" name="webElementHandling.ScreenShots" time="5.491" errors="0" timestamp="2024-02-13T17:41:44 IST" skipped="0">
  <testcase classname="webElementHandling.ScreenShots" name="capture" time="5.491"/>
  <system-out/>
</testsuite> <!-- webElementHandling.ScreenShots -->
