<?xml version="1.0" encoding="UTF-8"?>
<!-- Generated by org.testng.reporters.JUnitReportReporter -->
<testsuite hostname="LAPTOP-5KMFOFH9" failures="0" tests="1" name="ElementHandling.DragGesture" time="14.821" errors="0" timestamp="2024-02-14T17:53:47 IST" skipped="0">
  <testcase classname="ElementHandling.DragGesture" name="dragTest" time="14.821"/>
  <system-out/>
</testsuite> <!-- ElementHandling.DragGesture -->
