<?xml version="1.0" encoding="UTF-8"?>
<!-- Generated by org.testng.reporters.JUnitReportReporter -->
<testsuite hostname="LAPTOP-5KMFOFH9" failures="0" tests="2" name="webElementHandling.AlertHAndling" time="17.788" errors="0" timestamp="2024-02-13T15:08:53 IST" skipped="0">
  <testcase classname="webElementHandling.AlertHAndling" name="rediffmailTest" time="6.453"/>
  <system-out/>
  <testcase classname="webElementHandling.AlertHAndling" name="alertDemo" time="11.335"/>
  <system-out/>
</testsuite> <!-- webElementHandling.AlertHAndling -->
