<?xml version="1.0" encoding="UTF-8"?>
<!-- Generated by org.testng.reporters.JUnitReportReporter -->
<testsuite hostname="LAPTOP-5KMFOFH9" failures="0" tests="1" name="waitInSelenium.FluentWaitDemo" time="3.258" errors="0" timestamp="2024-02-13T15:30:23 IST" skipped="0">
  <testcase classname="waitInSelenium.FluentWaitDemo" name="f" time="3.258"/>
  <system-out/>
</testsuite> <!-- waitInSelenium.FluentWaitDemo -->
