<?xml version="1.0" encoding="UTF-8"?>
<!-- Generated by org.testng.reporters.JUnitReportReporter -->
<testsuite hostname="LAPTOP-5KMFOFH9" failures="0" tests="1" name="ElementHandling.ClickGuesture" time="10.207" errors="0" timestamp="2024-02-14T17:29:41 IST" skipped="0">
  <testcase classname="ElementHandling.ClickGuesture" name="clickElement" time="10.207"/>
  <system-out/>
</testsuite> <!-- ElementHandling.ClickGuesture -->
