<?xml version="1.0" encoding="UTF-8"?>
<!-- Generated by org.testng.reporters.JUnitReportReporter -->
<testsuite hostname="LAPTOP-5KMFOFH9" failures="0" tests="2" name="testngDemo.TestDemo1" time="10.248" errors="0" timestamp="2024-02-13T10:00:14 IST" skipped="0">
  <testcase classname="testngDemo.TestDemo1" name="testCase2" time="5.172"/>
  <system-out/>
  <testcase classname="testngDemo.TestDemo1" name="testCase1" time="5.076"/>
  <system-out/>
</testsuite> <!-- testngDemo.TestDemo1 -->
