<?xml version="1.0" encoding="UTF-8"?>
<!-- Generated by org.testng.reporters.JUnitReportReporter -->
<testsuite hostname="LAPTOP-5KMFOFH9" failures="0" tests="1" name="waitInSelenium.ExplicitWait" time="4.566" errors="0" timestamp="2024-02-13T14:49:13 IST" skipped="0">
  <testcase classname="waitInSelenium.ExplicitWait" name="loginTest" time="4.566"/>
  <system-out/>
</testsuite> <!-- waitInSelenium.ExplicitWait -->
