<?xml version="1.0" encoding="UTF-8"?>
<!-- Generated by org.testng.reporters.JUnitReportReporter -->
<testsuite hostname="LAPTOP-5KMFOFH9" failures="0" tests="1" name="testngDemo.RedBusCaledar" time="5.519" errors="0" timestamp="2024-02-13T13:06:40 IST" skipped="0">
  <testcase classname="testngDemo.RedBusCaledar" name="calendar" time="5.519"/>
  <system-out/>
</testsuite> <!-- testngDemo.RedBusCaledar -->
