<?xml version="1.0" encoding="UTF-8"?>
<!-- Generated by org.testng.reporters.JUnitReportReporter -->
<testsuite hostname="LAPTOP-5KMFOFH9" failures="0" tests="1" name="ElementHandling.LongClickGesture" time="16.676" errors="0" timestamp="2024-02-14T17:39:01 IST" skipped="0">
  <testcase classname="ElementHandling.LongClickGesture" name="longClick" time="16.676"/>
  <system-out/>
</testsuite> <!-- ElementHandling.LongClickGesture -->
