<?xml version="1.0" encoding="UTF-8"?>
<!-- Generated by org.testng.reporters.JUnitReportReporter -->
<testsuite hostname="LAPTOP-5KMFOFH9" failures="0" tests="3" name="scenarionOnMobileApp.ToggleWifi_Airplanemode" time="7.205" errors="0" timestamp="2024-02-15T11:39:27 IST" skipped="0">
  <testcase classname="scenarionOnMobileApp.ToggleWifi_Airplanemode" name="testToggleWifi" time="1.721"/>
  <system-out/>
  <testcase classname="scenarionOnMobileApp.ToggleWifi_Airplanemode" name="testToggleAirplaneMode" time="4.855"/>
  <system-out/>
  <testcase classname="scenarionOnMobileApp.ToggleWifi_Airplanemode" name="testToggleData" time="0.629"/>
  <system-out/>
</testsuite> <!-- scenarionOnMobileApp.ToggleWifi_Airplanemode -->
