<?xml version="1.0" encoding="UTF-8"?>
<!-- Generated by org.testng.reporters.JUnitReportReporter -->
<testsuite hostname="LAPTOP-5KMFOFH9" failures="0" tests="1" name="webElementHandling.JavaScriptExecutorDemo" time="4.875" errors="0" timestamp="2024-02-13T17:21:43 IST" skipped="0">
  <testcase classname="webElementHandling.JavaScriptExecutorDemo" name="scrollTest" time="4.875"/>
  <system-out/>
</testsuite> <!-- webElementHandling.JavaScriptExecutorDemo -->
