<?xml version="1.0" encoding="UTF-8"?>
<!-- Generated by org.testng.reporters.JUnitReportReporter -->
<testsuite hostname="LAPTOP-5KMFOFH9" failures="0" tests="2" name="testngDemo.DependsOnMethod" time="5.133" errors="0" timestamp="2024-02-13T10:45:58 IST" skipped="0">
  <testcase classname="testngDemo.DependsOnMethod" name="login" time="4.637"/>
  <system-out/>
  <testcase classname="testngDemo.DependsOnMethod" name="logout" time="0.496"/>
  <system-out/>
</testsuite> <!-- testngDemo.DependsOnMethod -->
