<?xml version="1.0" encoding="UTF-8"?>
<!-- Generated by org.testng.reporters.JUnitReportReporter -->
<testsuite hostname="LAPTOP-5KMFOFH9" failures="0" tests="1" name="driverSession.SessionWithAppPackage" time="10.188" errors="0" timestamp="2024-02-14T15:39:41 IST" skipped="0">
  <testcase classname="driverSession.SessionWithAppPackage" name="sessionWithApp" time="10.188"/>
  <system-out/>
</testsuite> <!-- driverSession.SessionWithAppPackage -->
