<?xml version="1.0" encoding="UTF-8"?>
<!-- Generated by org.testng.reporters.JUnitReportReporter -->
<testsuite hostname="LAPTOP-5KMFOFH9" failures="0" tests="1" name="ElementHandling.SwipeGestureTest" time="16.995" errors="0" timestamp="2024-02-14T18:10:22 IST" skipped="0">
  <testcase classname="ElementHandling.SwipeGestureTest" name="swipeTest" time="16.995"/>
  <system-out/>
</testsuite> <!-- ElementHandling.SwipeGestureTest -->
