<?xml version="1.0" encoding="UTF-8"?>
<!-- Generated by org.testng.reporters.JUnitReportReporter -->
<testsuite hostname="LAPTOP-5KMFOFH9" failures="0" tests="1" name="ElementHandling.ScrollGesture" time="20.904" errors="0" timestamp="2024-02-15T06:33:31 IST" skipped="0">
  <testcase classname="ElementHandling.ScrollGesture" name="scrollTest" time="20.904"/>
  <system-out/>
</testsuite> <!-- ElementHandling.ScrollGesture -->
